2025-02-17 17:24:30,722 - werkzeug - INFO - [31m[1mWARNING: This is a development server. Do not use it in a production deployment. Use a production WSGI server instead.[0m
 * Running on http://127.0.0.1:5000
2025-02-17 17:24:30,723 - werkzeug - INFO - [33mPress CTRL+C to quit[0m
2025-02-17 17:24:30,725 - werkzeug - INFO -  * Restarting with stat
2025-02-17 17:24:30,975 - werkzeug - WARNING -  * Debugger is active!
2025-02-17 17:24:30,979 - werkzeug - INFO -  * Debugger PIN: 432-756-900
2025-02-17 17:24:48,108 - werkzeug - INFO -  * Detected change in 'D:\\PythonProjects\\ACTSE\\GHL_lead_notes_etc_creation\\app.py', reloading
2025-02-17 17:24:48,145 - werkzeug - INFO -  * Restarting with stat
2025-02-17 17:24:48,587 - werkzeug - WARNING -  * Debugger is active!
2025-02-17 17:24:48,590 - werkzeug - INFO -  * Debugger PIN: 432-756-900
2025-02-17 17:27:32,642 - INFO - [31m[1mWARNING: This is a development server. Do not use it in a production deployment. Use a production WSGI server instead.[0m
 * Running on http://127.0.0.1:5000
2025-02-17 17:27:32,642 - INFO - [33mPress CTRL+C to quit[0m
2025-02-17 17:27:32,642 - INFO -  * Restarting with stat
2025-02-17 17:27:32,887 - WARNING -  * Debugger is active!
2025-02-17 17:27:32,889 - INFO -  * Debugger PIN: 432-756-900
2025-02-17 17:27:35,387 - INFO - Home route accessed
2025-02-17 17:27:35,391 - INFO - 127.0.0.1 - - [17/Feb/2025 17:27:35] "GET / HTTP/1.1" 200 -
2025-02-17 17:27:35,694 - INFO - 127.0.0.1 - - [17/Feb/2025 17:27:35] "[36mGET /static/photo_2025-02-17_17-11-54.jpg HTTP/1.1[0m" 304 -
2025-02-17 17:29:22,654 - INFO - Home route accessed
2025-02-17 17:29:22,655 - INFO - 127.0.0.1 - - [17/Feb/2025 17:29:22] "GET / HTTP/1.1" 200 -
2025-02-17 17:29:22,896 - INFO - 127.0.0.1 - - [17/Feb/2025 17:29:22] "[36mGET /static/photo_2025-02-17_17-11-54.jpg HTTP/1.1[0m" 304 -
2025-02-17 17:32:34,980 - INFO -  * Detected change in 'D:\\PythonProjects\\ACTSE\\GHL_lead_notes_etc_creation\\app.py', reloading
2025-02-17 17:32:35,082 - INFO -  * Restarting with stat
2025-02-17 17:32:35,463 - WARNING -  * Debugger is active!
2025-02-17 17:32:35,465 - INFO -  * Debugger PIN: 432-756-900
2025-02-17 17:33:17,100 - INFO - Received lead request with such payload:
{'data': 'test'}
2025-02-17 17:33:17,104 - INFO - 127.0.0.1 - - [17/Feb/2025 17:33:17] "[35m[1mPOST /lead HTTP/1.1[0m" 500 -
2025-02-17 17:35:33,731 - INFO -  * Detected change in 'D:\\PythonProjects\\ACTSE\\GHL_lead_notes_etc_creation\\app.py', reloading
2025-02-17 17:35:33,779 - INFO -  * Restarting with stat
2025-02-17 17:35:34,249 - WARNING -  * Debugger is active!
2025-02-17 17:35:34,253 - INFO -  * Debugger PIN: 432-756-900
2025-02-17 17:35:53,419 - INFO -  * Detected change in 'D:\\PythonProjects\\ACTSE\\GHL_lead_notes_etc_creation\\app.py', reloading
2025-02-17 17:35:53,444 - INFO -  * Restarting with stat
2025-02-17 17:35:53,723 - WARNING -  * Debugger is active!
2025-02-17 17:35:53,725 - INFO -  * Debugger PIN: 432-756-900
2025-02-17 17:35:57,279 - INFO - Received lead request with such payload:
{'data': 'test'}
2025-02-17 17:35:57,279 - INFO - 127.0.0.1 - - [17/Feb/2025 17:35:57] "POST /lead HTTP/1.1" 200 -
2025-02-17 17:36:26,975 - INFO -  * Detected change in 'D:\\PythonProjects\\ACTSE\\GHL_lead_notes_etc_creation\\app.py', reloading
2025-02-17 17:36:27,003 - INFO -  * Restarting with stat
2025-02-17 17:36:27,268 - WARNING -  * Debugger is active!
2025-02-17 17:36:27,270 - INFO -  * Debugger PIN: 432-756-900
2025-02-17 17:41:12,267 - INFO -  * Detected change in 'D:\\PythonProjects\\ACTSE\\GHL_lead_notes_etc_creation\\utils\\utils.py', reloading
2025-02-17 17:41:12,340 - INFO -  * Restarting with stat
2025-02-17 17:41:12,941 - WARNING -  * Debugger is active!
2025-02-17 17:41:12,949 - INFO -  * Debugger PIN: 432-756-900
2025-02-17 17:41:25,077 - INFO -  * Detected change in 'D:\\PythonProjects\\ACTSE\\GHL_lead_notes_etc_creation\\utils\\utils.py', reloading
2025-02-17 17:41:25,108 - INFO -  * Restarting with stat
2025-02-17 17:41:25,371 - WARNING -  * Debugger is active!
2025-02-17 17:41:25,374 - INFO -  * Debugger PIN: 432-756-900
2025-02-17 17:42:35,905 - INFO -  * Detected change in 'D:\\PythonProjects\\ACTSE\\GHL_lead_notes_etc_creation\\utils\\utils.py', reloading
2025-02-17 17:42:35,960 - INFO -  * Restarting with stat
2025-02-17 17:42:36,254 - WARNING -  * Debugger is active!
2025-02-17 17:42:36,256 - INFO -  * Debugger PIN: 432-756-900
2025-02-17 17:45:03,361 - INFO -  * Detected change in 'D:\\PythonProjects\\ACTSE\\GHL_lead_notes_etc_creation\\app.py', reloading
2025-02-17 17:45:03,386 - INFO -  * Restarting with stat
2025-02-17 17:46:53,461 - INFO -  * Restarting with stat
2025-02-17 17:49:18,795 - INFO -  * Restarting with stat
2025-02-17 17:49:19,342 - WARNING -  * Debugger is active!
2025-02-17 17:49:19,344 - INFO -  * Debugger PIN: 432-756-900
2025-02-17 17:49:22,355 - INFO - Received lead request with such payload:
{'data': 'test'}
2025-02-17 17:49:22,355 - ERROR - Error while creating a lead
2025-02-17 17:49:22,355 - INFO - 127.0.0.1 - - [17/Feb/2025 17:49:22] "[31m[1mPOST /lead HTTP/1.1[0m" 405 -
2025-02-17 17:51:47,760 - INFO -  * Detected change in 'D:\\PythonProjects\\ACTSE\\GHL_lead_notes_etc_creation\\utils\\utils.py', reloading
2025-02-17 17:51:47,794 - INFO -  * Restarting with stat
2025-02-17 17:51:48,276 - WARNING -  * Debugger is active!
2025-02-17 17:51:48,278 - INFO -  * Debugger PIN: 432-756-900
2025-02-17 17:56:52,353 - INFO -  * Detected change in 'D:\\PythonProjects\\ACTSE\\GHL_lead_notes_etc_creation\\utils\\utils.py', reloading
2025-02-17 17:56:52,394 - INFO -  * Restarting with stat
2025-02-17 17:56:53,084 - WARNING -  * Debugger is active!
2025-02-17 17:56:53,087 - INFO -  * Debugger PIN: 432-756-900
2025-02-17 18:04:56,660 - INFO -  * Detected change in 'D:\\PythonProjects\\ACTSE\\GHL_lead_notes_etc_creation\\app.py', reloading
2025-02-17 18:04:56,700 - INFO -  * Restarting with stat
2025-02-17 18:04:57,287 - WARNING -  * Debugger is active!
2025-02-17 18:04:57,290 - INFO -  * Debugger PIN: 432-756-900
2025-02-17 18:05:44,979 - INFO - Received lead request with such payload:
{'data': 'test'}
2025-02-17 18:05:45,966 - INFO - 127.0.0.1 - - [17/Feb/2025 18:05:45] "[35m[1mPOST /lead HTTP/1.1[0m" 201 -
2025-02-17 18:06:09,535 - INFO - [31m[1mWARNING: This is a development server. Do not use it in a production deployment. Use a production WSGI server instead.[0m
 * Running on http://127.0.0.1:5000
2025-02-17 18:06:09,535 - INFO - [33mPress CTRL+C to quit[0m
2025-02-17 18:06:09,536 - INFO -  * Restarting with stat
2025-02-17 18:06:10,041 - WARNING -  * Debugger is active!
2025-02-17 18:06:10,043 - INFO -  * Debugger PIN: 432-756-900
2025-02-17 18:06:14,989 - INFO - Received lead request with such payload:
{'data': 'test'}
2025-02-17 18:06:15,568 - INFO - 127.0.0.1 - - [17/Feb/2025 18:06:15] "[35m[1mPOST /lead HTTP/1.1[0m" 201 -
2025-02-17 18:08:21,262 - INFO -  * Detected change in 'D:\\PythonProjects\\ACTSE\\GHL_lead_notes_etc_creation\\utils\\utils.py', reloading
2025-02-17 18:08:21,301 - INFO -  * Restarting with stat
2025-02-17 18:08:22,030 - WARNING -  * Debugger is active!
2025-02-17 18:08:22,032 - INFO -  * Debugger PIN: 432-756-900
2025-02-17 18:09:21,512 - INFO - [31m[1mWARNING: This is a development server. Do not use it in a production deployment. Use a production WSGI server instead.[0m
 * Running on http://127.0.0.1:5000
2025-02-17 18:09:21,512 - INFO - [33mPress CTRL+C to quit[0m
2025-02-17 18:09:21,515 - INFO -  * Restarting with stat
2025-02-17 18:09:22,000 - WARNING -  * Debugger is active!
2025-02-17 18:09:22,002 - INFO -  * Debugger PIN: 432-756-900
2025-02-17 18:10:05,994 - INFO - [31m[1mWARNING: This is a development server. Do not use it in a production deployment. Use a production WSGI server instead.[0m
 * Running on http://127.0.0.1:5000
2025-02-17 18:10:05,994 - INFO - [33mPress CTRL+C to quit[0m
2025-02-17 18:10:05,995 - INFO -  * Restarting with stat
2025-02-17 18:10:06,467 - WARNING -  * Debugger is active!
2025-02-17 18:10:06,470 - INFO -  * Debugger PIN: 432-756-900
2025-02-17 18:10:20,616 - INFO -  * Detected change in 'D:\\PythonProjects\\ACTSE\\GHL_lead_notes_etc_creation\\utils\\utils.py', reloading
2025-02-17 18:10:20,646 - INFO -  * Restarting with stat
2025-02-17 18:10:21,181 - WARNING -  * Debugger is active!
2025-02-17 18:10:21,183 - INFO -  * Debugger PIN: 432-756-900
2025-02-17 18:10:22,732 - INFO - 127.0.0.1 - - [17/Feb/2025 18:10:22] "[31m[1mPOST /lead HTTP/1.1[0m" 401 -
2025-02-17 18:12:23,498 - INFO - 127.0.0.1 - - [17/Feb/2025 18:12:23] "[31m[1mPOST /lead HTTP/1.1[0m" 401 -
2025-02-17 18:12:43,698 - INFO - Received lead request with such payload:
{'data': 'test'}
2025-02-17 18:12:44,302 - INFO - 127.0.0.1 - - [17/Feb/2025 18:12:44] "[35m[1mPOST /lead HTTP/1.1[0m" 201 -
2025-02-17 18:27:07,567 - INFO - Received lead request with such payload:
{'email': 'john@deo.com', 'phone': '+18887324197', 'firstName': 'John', 'lastName': 'Deo', 'name': 'John Deo'}
2025-02-17 18:27:08,961 - INFO - 127.0.0.1 - - [17/Feb/2025 18:27:08] "[35m[1mPOST /lead HTTP/1.1[0m" 201 -
2025-02-17 18:27:44,092 - INFO -  * Detected change in 'D:\\PythonProjects\\ACTSE\\GHL_lead_notes_etc_creation\\utils\\utils.py', reloading
2025-02-17 18:27:44,131 - INFO -  * Restarting with stat
2025-02-17 18:28:13,722 - INFO -  * Restarting with stat
2025-02-17 18:28:14,249 - WARNING -  * Debugger is active!
2025-02-17 18:28:14,251 - INFO -  * Debugger PIN: 432-756-900
2025-02-17 18:30:59,866 - INFO -  * Detected change in 'D:\\PythonProjects\\ACTSE\\GHL_lead_notes_etc_creation\\utils\\utils.py', reloading
2025-02-17 18:30:59,903 - INFO -  * Restarting with stat
2025-02-17 18:31:00,431 - WARNING -  * Debugger is active!
2025-02-17 18:31:00,433 - INFO -  * Debugger PIN: 432-756-900
2025-02-17 18:33:20,751 - INFO -  * Detected change in 'D:\\PythonProjects\\ACTSE\\GHL_lead_notes_etc_creation\\app.py', reloading
2025-02-17 18:33:20,783 - INFO -  * Restarting with stat
2025-02-17 18:33:21,265 - WARNING -  * Debugger is active!
2025-02-17 18:33:21,268 - INFO -  * Debugger PIN: 432-756-900
2025-02-17 16:41:27,894 - INFO - [31m[1mWARNING: This is a development server. Do not use it in a production deployment. Use a production WSGI server instead.[0m
 * Running on all addresses (0.0.0.0)
 * Running on http://127.0.0.1:5000
 * Running on http://172.18.0.2:5000
2025-02-17 16:41:27,899 - INFO - [33mPress CTRL+C to quit[0m
2025-02-17 16:41:27,900 - INFO -  * Restarting with stat
2025-02-17 16:41:28,108 - WARNING -  * Debugger is active!
2025-02-17 16:41:28,110 - INFO -  * Debugger PIN: 562-453-049
2025-02-17 16:41:37,993 - INFO - 172.18.0.1 - - [17/Feb/2025 16:41:37] "GET / HTTP/1.1" 200 -
2025-02-17 16:41:38,272 - INFO - 172.18.0.1 - - [17/Feb/2025 16:41:38] "GET /static/photo_2025-02-17_17-11-54.jpg HTTP/1.1" 200 -
